2015-07-03 14:28:43,209 [10] DEBUG - m_tcpManager_SendeData ret:58 44 01 29 00 00 01 00 00 00 00 61 64 6D 69 6E 00 00 00 00 00 00 00 00 00 00 00 01 31 30 42 46 34 38 33 45 44 35 41 43 00 00 00 00 FF 04 
2015-07-03 16:18:06,032 [10] INFO  - Container.Cleanup ...
2015-07-03 16:18:06,034 [10] INFO  - Container.Cleanup: UnSubscribeEvents ... 
2015-07-03 16:18:06,098 [10] INFO  - Container.Cleanup ...
2015-07-03 21:45:41,102 [9] DEBUG - m_tcpManager_SendeData ret:58 44 01 29 00 00 01 00 00 00 00 61 64 6D 69 6E 00 00 00 00 00 00 00 00 00 00 00 01 31 30 42 46 34 38 33 45 44 35 41 43 00 00 00 00 FF 04 
2015-07-03 21:47:30,130 [9] DEBUG - m_tcpManager_SendeData ret:58 44 01 29 00 00 01 00 00 00 00 61 64 6D 69 6E 00 00 00 00 00 00 00 00 00 00 00 01 31 30 42 46 34 38 33 45 44 35 41 43 00 00 00 00 FF 04 
2015-07-03 21:48:50,888 [9] DEBUG - m_tcpManager_SendeData ret:58 44 01 29 00 00 01 00 00 00 00 61 64 6D 69 6E 00 00 00 00 00 00 00 00 00 00 00 01 31 30 42 46 34 38 33 45 44 35 41 43 00 00 00 00 FF 04 
2015-07-03 21:50:54,163 [9] INFO  - Container.Cleanup ...
2015-07-03 21:50:54,164 [9] INFO  - Container.Cleanup: UnSubscribeEvents ... 
2015-07-03 21:50:54,191 [9] INFO  - Container.Cleanup ...
2015-07-03 21:57:04,207 [10] DEBUG - m_tcpManager_SendeData ret:58 44 01 29 00 00 01 00 00 00 00 61 64 6D 69 6E 00 00 00 00 00 00 00 00 00 00 00 01 31 30 42 46 34 38 33 45 44 35 41 43 00 00 00 00 FF 04 
2015-07-03 22:00:41,869 [9] DEBUG - m_tcpManager_SendeData ret:58 44 01 29 00 00 01 00 00 00 00 61 64 6D 69 6E 00 00 00 00 00 00 00 00 00 00 00 01 31 30 42 46 34 38 33 45 44 35 41 43 00 00 00 00 FF 04 
2015-07-03 22:34:54,827 [9] DEBUG - m_tcpManager_SendeData ret:58 44 01 29 00 00 01 00 00 00 00 61 64 6D 69 6E 00 00 00 00 00 00 00 00 00 00 00 01 31 30 42 46 34 38 33 45 44 35 41 43 00 00 00 00 FF 04 
2015-07-03 22:35:45,679 [9] INFO  - Container.Cleanup ...
2015-07-03 22:35:45,680 [9] INFO  - Container.Cleanup: UnSubscribeEvents ... 
2015-07-03 22:35:45,700 [9] INFO  - Container.Cleanup ...
2015-07-10 23:15:19,262 [10] DEBUG - m_tcpManager_SendeData ret:58 44 01 29 00 00 01 00 00 00 00 61 64 6D 69 6E 00 00 00 00 00 00 00 00 00 00 00 01 31 30 42 46 34 38 33 45 44 35 41 43 00 00 00 00 FF 04 
2015-07-10 23:18:40,535 [8] DEBUG - m_tcpManager_SendeData ret:58 44 01 29 00 00 01 00 00 00 00 61 64 6D 69 6E 00 00 00 00 00 00 00 00 00 00 00 01 31 30 42 46 34 38 33 45 44 35 41 43 00 00 00 00 FF 04 
2015-07-10 23:19:26,103 [8] INFO  - Container.Cleanup ...
2015-07-10 23:19:26,104 [8] INFO  - Container.Cleanup: UnSubscribeEvents ... 
2015-07-10 23:19:26,121 [8] INFO  - Container.Cleanup ...
2015-07-10 23:43:25,735 [9] DEBUG - m_tcpManager_SendeData ret:58 44 01 29 00 00 01 00 00 00 00 61 64 6D 69 6E 00 00 00 00 00 00 00 00 00 00 00 01 31 30 42 46 34 38 33 45 44 35 41 43 00 00 00 00 FF 04 
2015-07-10 23:46:20,802 [9] DEBUG - m_tcpManager_SendeData ret:58 44 01 29 00 00 01 00 00 00 00 61 64 6D 69 6E 00 00 00 00 00 00 00 00 00 00 00 01 31 30 42 46 34 38 33 45 44 35 41 43 00 00 00 00 FF 04 
2015-07-10 23:50:12,186 [8] DEBUG - m_tcpManager_SendeData ret:58 44 01 29 00 00 01 00 00 00 00 61 64 6D 69 6E 00 00 00 00 00 00 00 00 00 00 00 01 31 30 42 46 34 38 33 45 44 35 41 43 00 00 00 00 FF 04 
2015-07-10 23:52:04,329 [8] DEBUG - m_tcpManager_SendeData ret:58 44 01 29 00 00 01 00 00 00 00 61 64 6D 69 6E 00 00 00 00 00 00 00 00 00 00 00 01 31 30 42 46 34 38 33 45 44 35 41 43 00 00 00 00 FF 04 
2015-07-10 23:52:30,063 [8] INFO  - Container.Cleanup ...
2015-07-10 23:52:30,064 [8] INFO  - Container.Cleanup: UnSubscribeEvents ... 
2015-07-10 23:52:30,085 [8] INFO  - Container.Cleanup ...
