2016-11-12 19:56:24,537 [10] DEBUG - m_tcpManager_SendeData ret:58 44 01 29 00 00 01 00 00 00 00 61 64 6D 69 6E 00 00 00 00 00 00 00 00 00 00 00 01 31 30 42 46 34 38 33 45 44 35 41 43 00 00 00 00 FF 04 
2016-11-12 19:56:25,162 [15] DEBUG - m_tcpManager_OnReceiveData ret:Len:31,Data:58 44 01 1A 00 CD 81 00 00 00 00 61 64 6D 69 6E 00 00 00 00 00 00 00 00 00 00 00 01 00 00 00 
2016-11-12 19:56:25,162 [15] DEBUG - m_tcpManager_SendeData ret:58 44 01 09 00 01 03 00 00 00 00 01 0F 00 
2016-11-12 19:56:25,162 [15] DEBUG - m_tcpManager_SendeData ret:58 44 01 09 00 02 05 00 00 00 00 01 12 00 
2016-11-12 19:56:25,864 [15] DEBUG - m_tcpManager_OnReceiveData ret:Len:14,Data:58 44 01 09 00 CE 83 00 00 00 00 00 00 00 
2016-11-12 19:56:26,161 [15] DEBUG - m_tcpManager_OnReceiveData ret:Len:14,Data:58 44 01 09 00 CF 85 00 00 00 00 00 00 00 
2016-11-12 19:56:35,317 [18] DEBUG - m_tcpManager_SendeData ret:58 44 01 19 00 03 02 00 00 00 00 61 64 6D 69 6E 00 00 00 00 00 00 00 00 00 00 00 01 29 02 
2016-11-12 19:56:35,804 [15] DEBUG - m_tcpManager_OnReceiveData ret:Len:30,Data:58 44 01 19 00 D0 82 00 00 00 00 61 64 6D 69 6E 00 00 00 00 00 00 00 00 00 00 00 01 05 00 
2016-11-12 19:56:45,433 [18] DEBUG - m_tcpManager_SendeData ret:58 44 01 19 00 04 02 00 00 00 00 61 64 6D 69 6E 00 00 00 00 00 00 00 00 00 00 00 01 2A 02 
2016-11-12 19:56:45,724 [15] DEBUG - m_tcpManager_OnReceiveData ret:Len:30,Data:58 44 01 19 00 D1 82 00 00 00 00 61 64 6D 69 6E 00 00 00 00 00 00 00 00 00 00 00 01 05 00 
2016-11-12 19:56:55,546 [18] DEBUG - m_tcpManager_SendeData ret:58 44 01 19 00 05 02 00 00 00 00 61 64 6D 69 6E 00 00 00 00 00 00 00 00 00 00 00 01 2B 02 
2016-11-12 19:56:55,578 [11] DEBUG - m_tcpManager_OnReceiveData ret:Len:30,Data:58 44 01 19 00 D2 82 00 00 00 00 61 64 6D 69 6E 00 00 00 00 00 00 00 00 00 00 00 01 05 00 
2016-11-12 19:57:26,691 [18] DEBUG - m_tcpManager_SendeData ret:58 44 01 19 00 06 02 00 00 00 00 61 64 6D 69 6E 00 00 00 00 00 00 00 00 00 00 00 01 2C 02 
2016-11-12 19:57:42,773 [11] DEBUG - m_tcpManager_OnReceiveData ret:Len:30,Data:58 44 01 19 00 D3 82 00 00 00 00 61 64 6D 69 6E 00 00 00 00 00 00 00 00 00 00 00 01 05 00 
2016-11-12 19:57:50,867 [18] DEBUG - m_tcpManager_SendeData ret:58 44 01 19 00 07 02 00 00 00 00 61 64 6D 69 6E 00 00 00 00 00 00 00 00 00 00 00 01 2D 02 
2016-11-12 19:57:51,054 [11] DEBUG - m_tcpManager_OnReceiveData ret:Len:30,Data:58 44 01 19 00 D4 82 00 00 00 00 61 64 6D 69 6E 00 00 00 00 00 00 00 00 00 00 00 01 05 00 
2016-11-12 19:58:00,992 [18] DEBUG - m_tcpManager_SendeData ret:58 44 01 19 00 08 02 00 00 00 00 61 64 6D 69 6E 00 00 00 00 00 00 00 00 00 00 00 01 2E 02 
2016-11-12 19:58:01,195 [6] DEBUG - m_tcpManager_OnReceiveData ret:Len:30,Data:58 44 01 19 00 D5 82 00 00 00 00 61 64 6D 69 6E 00 00 00 00 00 00 00 00 00 00 00 01 05 00 
2016-11-12 19:58:11,132 [18] DEBUG - m_tcpManager_SendeData ret:58 44 01 19 00 09 02 00 00 00 00 61 64 6D 69 6E 00 00 00 00 00 00 00 00 00 00 00 01 2F 02 
2016-11-12 19:58:11,476 [6] DEBUG - m_tcpManager_OnReceiveData ret:Len:30,Data:58 44 01 19 00 D6 82 00 00 00 00 61 64 6D 69 6E 00 00 00 00 00 00 00 00 00 00 00 01 05 00 
2016-11-12 19:58:21,211 [18] DEBUG - m_tcpManager_SendeData ret:58 44 01 19 00 0A 02 00 00 00 00 61 64 6D 69 6E 00 00 00 00 00 00 00 00 00 00 00 01 30 02 
2016-11-12 19:58:21,817 [14] DEBUG - m_tcpManager_OnReceiveData ret:Len:30,Data:58 44 01 19 00 D7 82 00 00 00 00 61 64 6D 69 6E 00 00 00 00 00 00 00 00 00 00 00 01 05 00 
2016-11-12 19:58:25,191 [14] DEBUG - m_tcpManager_OnReceiveData ret:Len:42,Data:58 44 01 25 00 D8 86 00 00 00 00 38 38 36 38 30 36 31 32 30 30 30 30 30 30 30 34 03 09 02 00 01 00 D5 33 00 00 01 02 00 EF EF 
2016-11-12 19:58:25,199 [14] DEBUG - m_tcpManager_SendeData ret:58 44 01 18 00 0B 08 00 00 00 00 38 38 36 38 30 36 31 32 30 30 30 30 30 30 30 34 57 03 
2016-11-12 19:58:25,199 [14] DEBUG - m_tcpManager_SendeData ret:58 44 01 18 00 0C 07 00 00 00 00 38 38 36 38 30 36 31 32 30 30 30 30 30 30 30 34 57 03 
2016-11-12 19:58:26,104 [14] DEBUG - m_tcpManager_OnReceiveData ret:Len:63,Data:58 44 01 3A 00 D9 88 00 00 00 00 38 38 36 38 30 36 31 32 30 30 30 30 30 30 30 34 53 48 20 58 44 20 41 43 20 50 4F 4C 45 00 00 00 31 2E 35 36 33 2D 30 31 2D 31 36 30 35 31 35 00 A3 77 EF EF 
2016-11-12 19:58:31,298 [18] DEBUG - m_tcpManager_SendeData ret:58 44 01 19 00 0D 02 00 00 00 00 61 64 6D 69 6E 00 00 00 00 00 00 00 00 00 00 00 01 33 02 
2016-11-12 19:58:31,829 [14] DEBUG - m_tcpManager_OnReceiveData ret:Len:30,Data:58 44 01 19 00 DA 82 00 00 00 00 61 64 6D 69 6E 00 00 00 00 00 00 00 00 00 00 00 01 05 00 
2016-11-12 19:58:40,954 [11] DEBUG - m_tcpManager_OnReceiveData ret:Len:42,Data:58 44 01 25 00 DB 86 00 00 00 00 38 38 36 38 30 36 31 32 30 30 30 30 30 30 30 32 0A 09 00 00 01 00 FD 12 00 00 00 02 00 EF EF 
2016-11-12 19:58:40,954 [11] DEBUG - m_tcpManager_SendeData ret:58 44 01 18 00 0E 08 00 00 00 00 38 38 36 38 30 36 31 32 30 30 30 30 30 30 30 32 58 03 
2016-11-12 19:58:40,954 [11] DEBUG - m_tcpManager_SendeData ret:58 44 01 18 00 0F 07 00 00 00 00 38 38 36 38 30 36 31 32 30 30 30 30 30 30 30 32 58 03 
2016-11-12 19:58:41,410 [18] DEBUG - m_tcpManager_SendeData ret:58 44 01 19 00 10 02 00 00 00 00 61 64 6D 69 6E 00 00 00 00 00 00 00 00 00 00 00 01 36 02 
2016-11-12 19:58:42,560 [11] DEBUG - m_tcpManager_OnReceiveData ret:Len:30,Data:58 44 01 19 00 DC 82 00 00 00 00 61 64 6D 69 6E 00 00 00 00 00 00 00 00 00 00 00 01 05 00 
2016-11-12 19:58:51,536 [18] DEBUG - m_tcpManager_SendeData ret:58 44 01 19 00 11 02 00 00 00 00 61 64 6D 69 6E 00 00 00 00 00 00 00 00 00 00 00 01 37 02 
2016-11-12 19:58:51,582 [11] DEBUG - m_tcpManager_OnReceiveData ret:Len:30,Data:58 44 01 19 00 DD 82 00 00 00 00 61 64 6D 69 6E 00 00 00 00 00 00 00 00 00 00 00 01 05 00 
2016-11-12 19:59:01,662 [18] DEBUG - m_tcpManager_SendeData ret:58 44 01 19 00 12 02 00 00 00 00 61 64 6D 69 6E 00 00 00 00 00 00 00 00 00 00 00 01 38 02 
2016-11-12 19:59:01,787 [17] DEBUG - m_tcpManager_OnReceiveData ret:Len:30,Data:58 44 01 19 00 DE 82 00 00 00 00 61 64 6D 69 6E 00 00 00 00 00 00 00 00 00 00 00 01 05 00 
2016-11-12 19:59:11,818 [18] DEBUG - m_tcpManager_SendeData ret:58 44 01 19 00 13 02 00 00 00 00 61 64 6D 69 6E 00 00 00 00 00 00 00 00 00 00 00 01 39 02 
2016-11-12 19:59:12,162 [17] DEBUG - m_tcpManager_OnReceiveData ret:Len:30,Data:58 44 01 19 00 DF 82 00 00 00 00 61 64 6D 69 6E 00 00 00 00 00 00 00 00 00 00 00 01 05 00 
2016-11-12 19:59:21,959 [18] DEBUG - m_tcpManager_SendeData ret:58 44 01 19 00 14 02 00 00 00 00 61 64 6D 69 6E 00 00 00 00 00 00 00 00 00 00 00 01 3A 02 
2016-11-12 19:59:22,203 [14] DEBUG - m_tcpManager_OnReceiveData ret:Len:30,Data:58 44 01 19 00 E0 82 00 00 00 00 61 64 6D 69 6E 00 00 00 00 00 00 00 00 00 00 00 01 05 00 
2016-11-12 19:59:32,097 [18] DEBUG - m_tcpManager_SendeData ret:58 44 01 19 00 15 02 00 00 00 00 61 64 6D 69 6E 00 00 00 00 00 00 00 00 00 00 00 01 3B 02 
2016-11-12 19:59:32,425 [14] DEBUG - m_tcpManager_OnReceiveData ret:Len:30,Data:58 44 01 19 00 E1 82 00 00 00 00 61 64 6D 69 6E 00 00 00 00 00 00 00 00 00 00 00 01 05 00 
2016-11-12 19:59:42,207 [18] DEBUG - m_tcpManager_SendeData ret:58 44 01 19 00 16 02 00 00 00 00 61 64 6D 69 6E 00 00 00 00 00 00 00 00 00 00 00 01 3C 02 
2016-11-12 19:59:42,754 [6] DEBUG - m_tcpManager_OnReceiveData ret:Len:30,Data:58 44 01 19 00 E2 82 00 00 00 00 61 64 6D 69 6E 00 00 00 00 00 00 00 00 00 00 00 01 05 00 
