2016-03-19 18:00:08,651 [1] DEBUG - COMLibrary begin OcxLoader
2016-03-19 18:00:08,828 [1] INFO  - Container.Cleanup ...
2016-03-19 18:00:08,828 [1] INFO  - Container.Cleanup: UnSubscribeEvents ... 
2016-03-19 18:00:08,856 [1] INFO  - Container.Cleanup ...
2016-03-19 18:00:08,856 [1] DEBUG - COMLibrary finish OcxLoader
2016-03-19 18:17:18,846 [1] DEBUG - COMLibrary  VdaGetVersion 
2016-03-19 18:17:18,848 [1] DEBUG - COMLibrary  VdaInitialization 
2016-03-19 18:17:21,080 [1] DEBUG - m_tcpManager_SendeData ret:58 44 01 29 00 00 01 00 00 00 00 61 64 6D 69 6E 00 00 00 00 00 00 00 00 00 00 00 01 31 30 42 46 34 38 33 45 44 35 41 43 00 00 00 00 FF 04 
2016-03-19 18:17:21,469 [1] DEBUG - COMLibrary finish VdaInitialization 
2016-03-19 18:17:24,981 [1] DEBUG - COMLibrary begin OcxLoader
2016-03-19 18:17:24,981 [1] INFO  - Container.Cleanup ...
2016-03-19 18:17:24,981 [1] INFO  - Container.Cleanup: UnSubscribeEvents ... 
2016-03-19 18:17:24,984 [1] INFO  - Container.Cleanup ...
2016-03-19 18:17:24,984 [1] DEBUG - COMLibrary finish OcxLoader
2016-03-19 18:17:25,706 [1] DEBUG - COMLibrary begin OcxLoader
2016-03-19 18:17:25,706 [1] INFO  - Container.Cleanup ...
2016-03-19 18:17:25,706 [1] INFO  - Container.Cleanup: UnSubscribeEvents ... 
2016-03-19 18:17:25,706 [1] INFO  - Container.Cleanup ...
2016-03-19 18:17:25,706 [1] DEBUG - COMLibrary finish OcxLoader
2016-03-19 18:17:26,224 [1] DEBUG - COMLibrary begin OcxLoader
2016-03-19 18:17:26,225 [1] INFO  - Container.Cleanup ...
2016-03-19 18:17:26,225 [1] INFO  - Container.Cleanup: UnSubscribeEvents ... 
2016-03-19 18:17:26,225 [1] INFO  - Container.Cleanup ...
2016-03-19 18:17:26,225 [1] DEBUG - COMLibrary finish OcxLoader
2016-03-19 18:17:26,358 [1] DEBUG - COMLibrary begin OcxLoader
2016-03-19 18:17:26,359 [1] INFO  - Container.Cleanup ...
2016-03-19 18:17:26,359 [1] INFO  - Container.Cleanup: UnSubscribeEvents ... 
2016-03-19 18:17:26,359 [1] INFO  - Container.Cleanup ...
2016-03-19 18:17:26,359 [1] DEBUG - COMLibrary finish OcxLoader
2016-03-19 18:17:26,519 [1] DEBUG - COMLibrary begin OcxLoader
2016-03-19 18:17:26,520 [1] INFO  - Container.Cleanup ...
2016-03-19 18:17:26,520 [1] INFO  - Container.Cleanup: UnSubscribeEvents ... 
2016-03-19 18:17:26,520 [1] INFO  - Container.Cleanup ...
2016-03-19 18:17:26,520 [1] DEBUG - COMLibrary finish OcxLoader
2016-03-19 18:17:26,705 [1] DEBUG - COMLibrary begin OcxLoader
2016-03-19 18:17:26,705 [1] INFO  - Container.Cleanup ...
2016-03-19 18:17:26,705 [1] INFO  - Container.Cleanup: UnSubscribeEvents ... 
2016-03-19 18:17:26,705 [1] INFO  - Container.Cleanup ...
2016-03-19 18:17:26,705 [1] DEBUG - COMLibrary finish OcxLoader
2016-03-19 18:17:38,397 [1] DEBUG - COMLibrary begin OcxLoader
2016-03-19 18:17:38,397 [1] INFO  - Container.Cleanup ...
2016-03-19 18:17:38,397 [1] INFO  - Container.Cleanup: UnSubscribeEvents ... 
2016-03-19 18:17:38,397 [1] INFO  - Container.Cleanup ...
2016-03-19 18:17:38,397 [1] DEBUG - COMLibrary finish OcxLoader
2016-03-19 18:17:58,480 [1] DEBUG - COMLibrary  VdaGetVersion 
2016-03-19 18:18:28,544 [1] DEBUG - COMLibrary begin OcxLoader
2016-03-19 18:18:28,544 [1] INFO  - Container.Cleanup ...
2016-03-19 18:18:28,544 [1] INFO  - Container.Cleanup: UnSubscribeEvents ... 
2016-03-19 18:18:28,544 [1] INFO  - Container.Cleanup ...
2016-03-19 18:18:28,544 [1] DEBUG - COMLibrary finish OcxLoader
2016-03-19 18:18:32,596 [1] DEBUG - COMLibrary  VdaGetVersion 
2016-03-19 18:19:35,622 [1] DEBUG - COMLibrary begin OcxLoader
2016-03-19 18:19:35,622 [1] INFO  - Container.Cleanup ...
2016-03-19 18:19:35,622 [1] INFO  - Container.Cleanup: UnSubscribeEvents ... 
2016-03-19 18:19:35,622 [1] INFO  - Container.Cleanup ...
2016-03-19 18:19:35,622 [1] DEBUG - COMLibrary finish OcxLoader
2016-03-19 18:19:40,084 [1] DEBUG - COMLibrary  VdaGetVersion 
2016-03-19 18:21:27,530 [1] DEBUG - COMLibrary begin OcxLoader
2016-03-19 18:21:27,530 [1] INFO  - Container.Cleanup ...
2016-03-19 18:21:27,530 [1] INFO  - Container.Cleanup: UnSubscribeEvents ... 
2016-03-19 18:21:27,530 [1] INFO  - Container.Cleanup ...
2016-03-19 18:21:27,530 [1] DEBUG - COMLibrary finish OcxLoader
2016-03-19 18:21:33,620 [1] DEBUG - COMLibrary  VdaGetVersion 
2016-03-19 18:21:38,228 [1] DEBUG - COMLibrary begin OcxLoader
2016-03-19 18:21:38,228 [1] INFO  - Container.Cleanup ...
2016-03-19 18:21:38,228 [1] INFO  - Container.Cleanup: UnSubscribeEvents ... 
2016-03-19 18:21:38,228 [1] INFO  - Container.Cleanup ...
2016-03-19 18:21:38,228 [1] DEBUG - COMLibrary finish OcxLoader
2016-03-19 18:21:38,780 [1] DEBUG - COMLibrary begin OcxLoader
2016-03-19 18:21:38,780 [1] INFO  - Container.Cleanup ...
2016-03-19 18:21:38,780 [1] INFO  - Container.Cleanup: UnSubscribeEvents ... 
2016-03-19 18:21:38,780 [1] INFO  - Container.Cleanup ...
2016-03-19 18:21:38,780 [1] DEBUG - COMLibrary finish OcxLoader
2016-03-19 18:21:38,956 [1] DEBUG - COMLibrary begin OcxLoader
2016-03-19 18:21:38,956 [1] INFO  - Container.Cleanup ...
2016-03-19 18:21:38,956 [1] INFO  - Container.Cleanup: UnSubscribeEvents ... 
2016-03-19 18:21:38,956 [1] INFO  - Container.Cleanup ...
2016-03-19 18:21:38,956 [1] DEBUG - COMLibrary finish OcxLoader
2016-03-19 18:21:39,129 [1] DEBUG - COMLibrary begin OcxLoader
2016-03-19 18:21:39,129 [1] INFO  - Container.Cleanup ...
2016-03-19 18:21:39,129 [1] INFO  - Container.Cleanup: UnSubscribeEvents ... 
2016-03-19 18:21:39,129 [1] INFO  - Container.Cleanup ...
2016-03-19 18:21:39,129 [1] DEBUG - COMLibrary finish OcxLoader
2016-03-19 18:21:39,253 [1] DEBUG - COMLibrary begin OcxLoader
2016-03-19 18:21:39,254 [1] INFO  - Container.Cleanup ...
2016-03-19 18:21:39,254 [1] INFO  - Container.Cleanup: UnSubscribeEvents ... 
2016-03-19 18:21:39,254 [1] INFO  - Container.Cleanup ...
2016-03-19 18:21:39,254 [1] DEBUG - COMLibrary finish OcxLoader
2016-03-19 18:21:39,416 [1] DEBUG - COMLibrary begin OcxLoader
2016-03-19 18:21:39,416 [1] INFO  - Container.Cleanup ...
2016-03-19 18:21:39,416 [1] INFO  - Container.Cleanup: UnSubscribeEvents ... 
2016-03-19 18:21:39,416 [1] INFO  - Container.Cleanup ...
2016-03-19 18:21:39,416 [1] DEBUG - COMLibrary finish OcxLoader
2016-03-19 18:21:49,923 [1] DEBUG - COMLibrary  VdaGetVersion 
2016-03-19 18:22:06,231 [1] DEBUG - COMLibrary begin OcxLoader
2016-03-19 18:22:06,231 [1] INFO  - Container.Cleanup ...
2016-03-19 18:22:06,231 [1] INFO  - Container.Cleanup: UnSubscribeEvents ... 
2016-03-19 18:22:06,231 [1] INFO  - Container.Cleanup ...
2016-03-19 18:22:06,231 [1] DEBUG - COMLibrary finish OcxLoader
2016-03-19 18:22:11,349 [1] DEBUG - COMLibrary  VdaGetVersion 
2016-03-19 18:23:24,424 [1] DEBUG - COMLibrary begin OcxLoader
2016-03-19 18:23:24,424 [1] INFO  - Container.Cleanup ...
2016-03-19 18:23:24,424 [1] INFO  - Container.Cleanup: UnSubscribeEvents ... 
2016-03-19 18:23:24,424 [1] INFO  - Container.Cleanup ...
2016-03-19 18:23:24,424 [1] DEBUG - COMLibrary finish OcxLoader
2016-03-19 18:23:29,734 [1] DEBUG - COMLibrary  VdaGetVersion 
