2015-11-15 17:54:58,462 [1] DEBUG - COMLibrary begin OcxLoader
2015-11-15 17:54:58,621 [1] INFO  - Container.Cleanup ...
2015-11-15 17:54:58,621 [1] INFO  - Container.Cleanup: UnSubscribeEvents ... 
2015-11-15 17:54:58,641 [1] INFO  - Container.Cleanup ...
2015-11-15 17:54:58,641 [1] DEBUG - COMLibrary finish OcxLoader
2015-11-15 17:55:04,004 [1] DEBUG - COMLibrary begin OcxLoader
2015-11-15 17:55:04,005 [1] INFO  - Container.Cleanup ...
2015-11-15 17:55:04,005 [1] INFO  - Container.Cleanup: UnSubscribeEvents ... 
2015-11-15 17:55:04,005 [1] INFO  - Container.Cleanup ...
2015-11-15 17:55:04,005 [1] DEBUG - COMLibrary finish OcxLoader
2015-11-15 17:55:58,013 [1] DEBUG - COMLibrary begin OcxLoader
2015-11-15 17:55:58,014 [1] INFO  - Container.Cleanup ...
2015-11-15 17:55:58,014 [1] INFO  - Container.Cleanup: UnSubscribeEvents ... 
2015-11-15 17:55:58,014 [1] INFO  - Container.Cleanup ...
2015-11-15 17:55:58,014 [1] DEBUG - COMLibrary finish OcxLoader
2015-11-15 17:56:17,986 [1] DEBUG - COMLibrary begin OcxLoader
2015-11-15 17:56:17,986 [1] INFO  - Container.Cleanup ...
2015-11-15 17:56:17,986 [1] INFO  - Container.Cleanup: UnSubscribeEvents ... 
2015-11-15 17:56:17,986 [1] INFO  - Container.Cleanup ...
2015-11-15 17:56:17,986 [1] DEBUG - COMLibrary finish OcxLoader
2015-11-15 17:56:28,451 [1] DEBUG - COMLibrary  VdaGetVersion 
2015-11-15 17:56:44,497 [1] DEBUG - COMLibrary begin OcxLoader
2015-11-15 17:56:44,497 [1] INFO  - Container.Cleanup ...
2015-11-15 17:56:44,497 [1] INFO  - Container.Cleanup: UnSubscribeEvents ... 
2015-11-15 17:56:44,497 [1] INFO  - Container.Cleanup ...
2015-11-15 17:56:44,497 [1] DEBUG - COMLibrary finish OcxLoader
2015-11-15 17:56:49,854 [1] DEBUG - COMLibrary  VdaGetVersion 
2015-11-15 17:57:36,574 [1] DEBUG - COMLibrary begin OcxLoader
2015-11-15 17:57:36,574 [1] INFO  - Container.Cleanup ...
2015-11-15 17:57:36,574 [1] INFO  - Container.Cleanup: UnSubscribeEvents ... 
2015-11-15 17:57:36,574 [1] INFO  - Container.Cleanup ...
2015-11-15 17:57:36,574 [1] DEBUG - COMLibrary finish OcxLoader
2015-11-15 17:57:41,637 [1] DEBUG - COMLibrary  VdaGetVersion 
2015-11-15 17:57:41,639 [1] DEBUG - COMLibrary  VdaInitialization 
2015-11-15 17:57:43,398 [1] DEBUG - m_tcpManager_SendeData ret:58 44 01 29 00 00 01 00 00 00 00 61 64 6D 69 6E 00 00 00 00 00 00 00 00 00 00 00 01 31 30 42 46 34 38 33 45 44 35 41 43 00 00 00 00 FF 04 
2015-11-15 17:57:43,821 [1] DEBUG - COMLibrary finish VdaInitialization 
2015-11-15 17:57:59,857 [1] DEBUG - COMLibrary VdaSwitchForm 
2015-11-15 17:57:59,951 [1] DEBUG - COMLibrary finish VdaSwitchForm 
2015-11-15 17:58:25,891 [1] DEBUG - COMLibrary VdaSwitchForm 
2015-11-15 17:58:25,929 [1] DEBUG - COMLibrary finish VdaSwitchForm 
2015-11-15 18:05:14,243 [1] DEBUG - COMLibrary begin OcxLoader
2015-11-15 18:05:14,243 [1] INFO  - Container.Cleanup ...
2015-11-15 18:05:14,243 [1] INFO  - Container.Cleanup: UnSubscribeEvents ... 
2015-11-15 18:05:14,247 [1] INFO  - Container.Cleanup ...
2015-11-15 18:05:14,247 [1] DEBUG - COMLibrary finish OcxLoader
2015-11-15 18:05:19,477 [1] DEBUG - COMLibrary  VdaGetVersion 
2015-11-15 18:05:19,478 [1] DEBUG - COMLibrary  VdaInitialization 
2015-11-15 18:05:41,083 [1] DEBUG - COMLibrary finish VdaInitialization error :ret=[-1]无法连接管理服务器！
2015-11-15 18:11:04,185 [1] DEBUG - COMLibrary  VdaGetVersion 
2015-11-15 18:11:04,186 [1] DEBUG - COMLibrary  VdaInitialization 
2015-11-15 18:11:25,777 [1] DEBUG - COMLibrary finish VdaInitialization error :ret=[-1]无法连接管理服务器！
2015-11-15 18:11:46,639 [1] DEBUG - COMLibrary  VdaGetVersion 
2015-11-15 18:11:46,640 [1] DEBUG - COMLibrary  VdaInitialization 
2015-11-15 18:11:47,245 [1] DEBUG - m_tcpManager_SendeData ret:58 44 01 29 00 01 01 00 00 00 00 61 64 6D 69 6E 00 00 00 00 00 00 00 00 00 00 00 01 31 30 42 46 34 38 33 45 44 35 41 43 00 00 00 00 00 05 
2015-11-15 18:11:47,614 [1] DEBUG - COMLibrary finish VdaInitialization 
2015-11-15 18:11:56,668 [1] DEBUG - COMLibrary VdaSwitchForm 
2015-11-15 18:11:56,768 [1] DEBUG - COMLibrary finish VdaSwitchForm 
2015-11-15 18:11:57,731 [1] DEBUG - COMLibrary VdaSwitchForm 
2015-11-15 18:11:57,818 [1] DEBUG - COMLibrary finish VdaSwitchForm 
